<?xml version="1.0" encoding="UTF-8"?>
<testng-results skipped="0" failed="0" ignored="0" total="1" passed="1">
  <reporter-output>
  </reporter-output>
  <suite name="Default suite" duration-ms="4356" started-at="2019-09-14T13:54:59Z" finished-at="2019-09-14T13:55:03Z">
    <groups>
    </groups>
    <test name="Default test" duration-ms="4356" started-at="2019-09-14T13:54:59Z" finished-at="2019-09-14T13:55:03Z">
      <class name="RestAssurred.WebAPIAutomation.GETProfile">
        <test-method status="PASS" signature="getProfile()[pri:0, instance:RestAssurred.WebAPIAutomation.GETProfile@1753acfe]" name="getProfile" duration-ms="4283" started-at="2019-09-14T13:54:59Z" finished-at="2019-09-14T13:55:03Z">
          <reporter-output>
          </reporter-output>
        </test-method> <!-- getProfile -->
      </class> <!-- RestAssurred.WebAPIAutomation.GETProfile -->
    </test> <!-- Default test -->
  </suite> <!-- Default suite -->
</testng-results>
